<?xml version="1.0" encoding="UTF-8"?>
<testng-results skipped="0" failed="0" ignored="0" total="1" passed="1">
  <reporter-output>
  </reporter-output>
  <suite name="Default suite" duration-ms="10383" started-at="2022-12-07T13:00:34Z" finished-at="2022-12-07T13:00:44Z">
    <groups>
    </groups>
    <test name="Default test" duration-ms="10383" started-at="2022-12-07T13:00:34Z" finished-at="2022-12-07T13:00:44Z">
      <class name="TestNGAnnotation.Demo">
        <test-method status="PASS" signature="displayIphoneHighestPrice()[pri:0, instance:TestNGAnnotation.Demo@6a024a67]" name="displayIphoneHighestPrice" duration-ms="10370" started-at="2022-12-07T18:30:34Z" finished-at="2022-12-07T18:30:44Z">
          <reporter-output>
          </reporter-output>
        </test-method> <!-- displayIphoneHighestPrice -->
      </class> <!-- TestNGAnnotation.Demo -->
    </test> <!-- Default test -->
  </suite> <!-- Default suite -->
</testng-results>
